<?xml version="1.0" encoding="UTF-8"?>
<!-- Generated by org.testng.reporters.JUnitReportReporter -->
<testsuite hostname="DESKTOP-0CJNTAJ" failures="0" tests="4" name="sampleProject.DataproviderLogin" time="59.196" errors="0" timestamp="2022-03-16T09:16:49 IST" skipped="0">
  <testcase classname="sampleProject.DataproviderLogin" name="login" time="11.381"/>
  <system-out/>
  <testcase classname="sampleProject.DataproviderLogin" name="login" time="11.444"/>
  <system-out/>
  <testcase classname="sampleProject.DataproviderLogin" name="login" time="23.677"/>
  <system-out/>
  <testcase classname="sampleProject.DataproviderLogin" name="login" time="12.694"/>
  <system-out/>
</testsuite> <!-- sampleProject.DataproviderLogin -->
